# JRE version: OpenJDK Runtime Environment (16.0.2+7) (build 16.0.2+7-67)
# Java VM: OpenJDK 64-Bit Server VM (16.0.2+7-67, mixed mode, tiered, compressed oops, compressed class ptrs, g1 gc, windows-amd64)
GC Precious Log:
 CPUs: 4 total, 4 available
 Memory: 3961M
 Large Page Support: Disabled
 NUMA Support: Disabled
 Compressed Oops: Enabled (32-bit)
 Heap Region Size: 1M
 Heap Min Capacity: 8M
 Heap Initial Capacity: 62M
 Heap Max Capacity: 992M
 Pre-touch: Disabled
 Parallel Workers: 4
 Concurrent Workers: 1
 Concurrent Refinement Workers: 4
 Periodic GC: Disabled
Heap:
 garbage-first heap   total 35840K, used 17426K [0x00000000c2000000, 0x0000000100000000)
  region size 1024K, 9 young (9216K), 2 survivors (2048K)
 Metaspace       used 33167K, committed 33472K, reserved 1081344K
  class space    used 4064K, committed 4224K, reserved 1048576K
GC Heap History (14 events):
Event: 16.115 GC heap before
{Heap before GC invocations=0 (full 0):
 garbage-first heap   total 63488K, used 12288K [0x00000000c2000000, 0x0000000100000000)
  region size 1024K, 13 young (13312K), 0 survivors (0K)
 Metaspace       used 13289K, committed 13504K, reserved 1064960K
  class space    used 1359K, committed 1472K, reserved 1048576K
}
Event: 16.122 GC heap after
{Heap after GC invocations=1 (full 0):
 garbage-first heap   total 63488K, used 4626K [0x00000000c2000000, 0x0000000100000000)
  region size 1024K, 2 young (2048K), 2 survivors (2048K)
 Metaspace       used 13289K, committed 13504K, reserved 1064960K
  class space    used 1359K, committed 1472K, reserved 1048576K
}
Event: 18.677 GC heap before
{Heap before GC invocations=1 (full 0):
 garbage-first heap   total 63488K, used 12818K [0x00000000c2000000, 0x0000000100000000)
  region size 1024K, 10 young (10240K), 2 survivors (2048K)
 Metaspace       used 15655K, committed 15872K, reserved 1064960K
  class space    used 1644K, committed 1792K, reserved 1048576K
}
Event: 18.682 GC heap after
{Heap after GC invocations=2 (full 0):
 garbage-first heap   total 63488K, used 6018K [0x00000000c2000000, 0x0000000100000000)
  region size 1024K, 2 young (2048K), 2 survivors (2048K)
 Metaspace       used 15655K, committed 15872K, reserved 1064960K
  class space    used 1644K, committed 1792K, reserved 1048576K
}
Event: 25.373 GC heap before
{Heap before GC invocations=2 (full 0):
 garbage-first heap   total 63488K, used 27522K [0x00000000c2000000, 0x0000000100000000)
  region size 1024K, 24 young (24576K), 2 survivors (2048K)
 Metaspace       used 20988K, committed 21248K, reserved 1073152K
  class space    used 2426K, committed 2560K, reserved 1048576K
}
Event: 25.378 GC heap after
{Heap after GC invocations=3 (full 0):
 garbage-first heap   total 63488K, used 7586K [0x00000000c2000000, 0x0000000100000000)
  region size 1024K, 3 young (3072K), 3 survivors (3072K)
 Metaspace       used 20988K, committed 21248K, reserved 1073152K
  class space    used 2426K, committed 2560K, reserved 1048576K
}
Event: 36.965 GC heap before
{Heap before GC invocations=4 (full 0):
 garbage-first heap   total 30720K, used 29090K [0x00000000c2000000, 0x0000000100000000)
  region size 1024K, 25 young (25600K), 3 survivors (3072K)
 Metaspace       used 26086K, committed 26368K, reserved 1073152K
  class space    used 3055K, committed 3200K, reserved 1048576K
}
Event: 36.970 GC heap after
{Heap after GC invocations=5 (full 0):
 garbage-first heap   total 35840K, used 8859K [0x00000000c2000000, 0x0000000100000000)
  region size 1024K, 3 young (3072K), 3 survivors (3072K)
 Metaspace       used 26086K, committed 26368K, reserved 1073152K
  class space    used 3055K, committed 3200K, reserved 1048576K
}
Event: 39.047 GC heap before
{Heap before GC invocations=5 (full 0):
 garbage-first heap   total 35840K, used 21147K [0x00000000c2000000, 0x0000000100000000)
  region size 1024K, 16 young (16384K), 3 survivors (3072K)
 Metaspace       used 26936K, committed 27264K, reserved 1073152K
  class space    used 3191K, committed 3328K, reserved 1048576K
}
Event: 39.052 GC heap after
{Heap after GC invocations=6 (full 0):
 garbage-first heap   total 35840K, used 9903K [0x00000000c2000000, 0x0000000100000000)
  region size 1024K, 2 young (2048K), 2 survivors (2048K)
 Metaspace       used 26936K, committed 27264K, reserved 1073152K
  class space    used 3191K, committed 3328K, reserved 1048576K
}
Event: 41.061 GC heap before
{Heap before GC invocations=6 (full 0):
 garbage-first heap   total 35840K, used 23215K [0x00000000c2000000, 0x0000000100000000)
  region size 1024K, 15 young (15360K), 2 survivors (2048K)
 Metaspace       used 29021K, committed 29312K, reserved 1081344K
  class space    used 3501K, committed 3648K, reserved 1048576K
}
Event: 41.065 GC heap after
{Heap after GC invocations=7 (full 0):
 garbage-first heap   total 35840K, used 10972K [0x00000000c2000000, 0x0000000100000000)
  region size 1024K, 2 young (2048K), 2 survivors (2048K)
 Metaspace       used 29021K, committed 29312K, reserved 1081344K
  class space    used 3501K, committed 3648K, reserved 1048576K
}
Event: 45.924 GC heap before
{Heap before GC invocations=7 (full 0):
 garbage-first heap   total 35840K, used 23260K [0x00000000c2000000, 0x0000000100000000)
  region size 1024K, 15 young (15360K), 2 survivors (2048K)
 Metaspace       used 31592K, committed 31872K, reserved 1081344K
  class space    used 3905K, committed 4032K, reserved 1048576K
}
Event: 45.933 GC heap after
{Heap after GC invocations=8 (full 0):
 garbage-first heap   total 35840K, used 12306K [0x00000000c2000000, 0x0000000100000000)
  region size 1024K, 2 young (2048K), 2 survivors (2048K)
 Metaspace       used 31592K, committed 31872K, reserved 1081344K
  class space    used 3905K, committed 4032K, reserved 1048576K
}

